<?xml version="1.0" encoding="UTF-8"?>
<coverage generated="1657305447850" clover="3.2.0">
  <project timestamp="1657305447850" name="All files">
    <metrics statements="289" coveredstatements="242" conditionals="53" coveredconditionals="47" methods="40" coveredmethods="21" elements="382" coveredelements="310" complexity="0" loc="289" ncloc="289" packages="1" files="4" classes="4"/>
    <file name="address.ts" path="/Users/jandir/Mastery/fullcycle/entities/src/domain/entities/address.ts">
      <metrics statements="46" coveredstatements="34" conditionals="7" coveredconditionals="3" methods="9" coveredmethods="3"/>
      <line num="1" count="1" type="cond" truecount="1" falsecount="0"/>
      <line num="2" count="1" type="stmt"/>
      <line num="3" count="1" type="stmt"/>
      <line num="4" count="1" type="stmt"/>
      <line num="5" count="1" type="stmt"/>
      <line num="6" count="1" type="stmt"/>
      <line num="7" count="1" type="cond" truecount="1" falsecount="0"/>
      <line num="8" count="4" type="stmt"/>
      <line num="9" count="4" type="stmt"/>
      <line num="10" count="4" type="stmt"/>
      <line num="11" count="4" type="stmt"/>
      <line num="12" count="4" type="stmt"/>
      <line num="13" count="4" type="stmt"/>
      <line num="14" count="4" type="stmt"/>
      <line num="15" count="1" type="stmt"/>
      <line num="16" count="1" type="stmt"/>
      <line num="17" count="0" type="stmt"/>
      <line num="18" count="0" type="stmt"/>
      <line num="19" count="1" type="stmt"/>
      <line num="20" count="1" type="stmt"/>
      <line num="21" count="0" type="stmt"/>
      <line num="22" count="0" type="stmt"/>
      <line num="23" count="1" type="stmt"/>
      <line num="24" count="1" type="stmt"/>
      <line num="25" count="0" type="stmt"/>
      <line num="26" count="0" type="stmt"/>
      <line num="27" count="1" type="stmt"/>
      <line num="28" count="1" type="stmt"/>
      <line num="29" count="0" type="stmt"/>
      <line num="30" count="0" type="stmt"/>
      <line num="31" count="1" type="stmt"/>
      <line num="32" count="1" type="cond" truecount="1" falsecount="0"/>
      <line num="33" count="4" type="cond" truecount="0" falsecount="1"/>
      <line num="34" count="4" type="cond" truecount="0" falsecount="1"/>
      <line num="35" count="4" type="cond" truecount="0" falsecount="1"/>
      <line num="36" count="4" type="cond" truecount="0" falsecount="1"/>
      <line num="37" count="4" type="stmt"/>
      <line num="38" count="1" type="stmt"/>
      <line num="39" count="1" type="stmt"/>
      <line num="40" count="0" type="stmt"/>
      <line num="41" count="0" type="stmt"/>
      <line num="42" count="1" type="stmt"/>
      <line num="43" count="1" type="stmt"/>
      <line num="44" count="0" type="stmt"/>
      <line num="45" count="0" type="stmt"/>
      <line num="46" count="1" type="stmt"/>
    </file>
    <file name="customer.ts" path="/Users/jandir/Mastery/fullcycle/entities/src/domain/entities/customer.ts">
      <metrics statements="81" coveredstatements="62" conditionals="11" coveredconditionals="10" methods="11" coveredmethods="5"/>
      <line num="1" count="1" type="stmt"/>
      <line num="2" count="1" type="stmt"/>
      <line num="3" count="1" type="stmt"/>
      <line num="4" count="1" type="stmt"/>
      <line num="5" count="1" type="cond" truecount="1" falsecount="0"/>
      <line num="6" count="1" type="stmt"/>
      <line num="7" count="1" type="stmt"/>
      <line num="8" count="1" type="stmt"/>
      <line num="9" count="1" type="stmt"/>
      <line num="10" count="1" type="stmt"/>
      <line num="11" count="1" type="stmt"/>
      <line num="12" count="1" type="stmt"/>
      <line num="13" count="1" type="stmt"/>
      <line num="14" count="1" type="cond" truecount="1" falsecount="0"/>
      <line num="15" count="7" type="stmt"/>
      <line num="16" count="7" type="stmt"/>
      <line num="17" count="7" type="stmt"/>
      <line num="18" count="7" type="stmt"/>
      <line num="19" count="7" type="stmt"/>
      <line num="20" count="7" type="stmt"/>
      <line num="21" count="7" type="stmt"/>
      <line num="22" count="7" type="stmt"/>
      <line num="23" count="7" type="stmt"/>
      <line num="24" count="7" type="stmt"/>
      <line num="25" count="1" type="stmt"/>
      <line num="26" count="1" type="stmt"/>
      <line num="27" count="0" type="stmt"/>
      <line num="28" count="0" type="stmt"/>
      <line num="29" count="1" type="stmt"/>
      <line num="30" count="1" type="cond" truecount="1" falsecount="0"/>
      <line num="31" count="2" type="stmt"/>
      <line num="32" count="2" type="stmt"/>
      <line num="33" count="1" type="stmt"/>
      <line num="34" count="1" type="stmt"/>
      <line num="35" count="0" type="stmt"/>
      <line num="36" count="0" type="stmt"/>
      <line num="37" count="1" type="stmt"/>
      <line num="38" count="1" type="stmt"/>
      <line num="39" count="0" type="stmt"/>
      <line num="40" count="0" type="stmt"/>
      <line num="41" count="1" type="stmt"/>
      <line num="42" count="1" type="cond" truecount="1" falsecount="0"/>
      <line num="43" count="9" type="cond" truecount="1" falsecount="0"/>
      <line num="44" count="20" type="stmt"/>
      <line num="45" count="20" type="cond" truecount="1" falsecount="0"/>
      <line num="46" count="20" type="cond" truecount="1" falsecount="0"/>
      <line num="47" count="3" type="stmt"/>
      <line num="48" count="3" type="stmt"/>
      <line num="49" count="20" type="stmt"/>
      <line num="50" count="20" type="stmt"/>
      <line num="51" count="17" type="cond" truecount="1" falsecount="0"/>
      <line num="52" count="20" type="cond" truecount="1" falsecount="1"/>
      <line num="53" count="0" type="stmt"/>
      <line num="54" count="0" type="stmt"/>
      <line num="55" count="0" type="stmt"/>
      <line num="56" count="0" type="stmt"/>
      <line num="57" count="9" type="stmt"/>
      <line num="58" count="9" type="stmt"/>
      <line num="59" count="1" type="stmt"/>
      <line num="60" count="1" type="cond" truecount="1" falsecount="0"/>
      <line num="61" count="2" type="stmt"/>
      <line num="62" count="2" type="stmt"/>
      <line num="63" count="2" type="stmt"/>
      <line num="64" count="2" type="stmt"/>
      <line num="65" count="2" type="stmt"/>
      <line num="66" count="1" type="stmt"/>
      <line num="67" count="1" type="stmt"/>
      <line num="68" count="0" type="stmt"/>
      <line num="69" count="0" type="stmt"/>
      <line num="70" count="0" type="stmt"/>
      <line num="71" count="0" type="stmt"/>
      <line num="72" count="0" type="stmt"/>
      <line num="73" count="1" type="stmt"/>
      <line num="74" count="1" type="stmt"/>
      <line num="75" count="0" type="stmt"/>
      <line num="76" count="0" type="stmt"/>
      <line num="77" count="1" type="stmt"/>
      <line num="78" count="1" type="stmt"/>
      <line num="79" count="0" type="stmt"/>
      <line num="80" count="0" type="stmt"/>
      <line num="81" count="1" type="stmt"/>
    </file>
    <file name="order_item.ts" path="/Users/jandir/Mastery/fullcycle/entities/src/domain/entities/order_item.ts">
      <metrics statements="75" coveredstatements="59" conditionals="13" coveredconditionals="12" methods="10" coveredmethods="3"/>
      <line num="1" count="1" type="stmt"/>
      <line num="2" count="1" type="stmt"/>
      <line num="3" count="1" type="stmt"/>
      <line num="4" count="1" type="cond" truecount="1" falsecount="0"/>
      <line num="5" count="1" type="stmt"/>
      <line num="6" count="1" type="stmt"/>
      <line num="7" count="1" type="stmt"/>
      <line num="8" count="1" type="stmt"/>
      <line num="9" count="1" type="stmt"/>
      <line num="10" count="1" type="stmt"/>
      <line num="11" count="1" type="cond" truecount="1" falsecount="0"/>
      <line num="12" count="6" type="stmt"/>
      <line num="13" count="6" type="stmt"/>
      <line num="14" count="6" type="stmt"/>
      <line num="15" count="6" type="stmt"/>
      <line num="16" count="6" type="stmt"/>
      <line num="17" count="6" type="stmt"/>
      <line num="18" count="6" type="stmt"/>
      <line num="19" count="6" type="stmt"/>
      <line num="20" count="6" type="stmt"/>
      <line num="21" count="6" type="stmt"/>
      <line num="22" count="6" type="stmt"/>
      <line num="23" count="6" type="stmt"/>
      <line num="24" count="6" type="stmt"/>
      <line num="25" count="1" type="stmt"/>
      <line num="26" count="1" type="stmt"/>
      <line num="27" count="0" type="stmt"/>
      <line num="28" count="0" type="stmt"/>
      <line num="29" count="1" type="stmt"/>
      <line num="30" count="1" type="stmt"/>
      <line num="31" count="0" type="stmt"/>
      <line num="32" count="0" type="stmt"/>
      <line num="33" count="1" type="stmt"/>
      <line num="34" count="1" type="stmt"/>
      <line num="35" count="0" type="stmt"/>
      <line num="36" count="0" type="stmt"/>
      <line num="37" count="1" type="stmt"/>
      <line num="38" count="1" type="stmt"/>
      <line num="39" count="0" type="stmt"/>
      <line num="40" count="0" type="stmt"/>
      <line num="41" count="1" type="stmt"/>
      <line num="42" count="1" type="stmt"/>
      <line num="43" count="0" type="stmt"/>
      <line num="44" count="0" type="stmt"/>
      <line num="45" count="1" type="stmt"/>
      <line num="46" count="1" type="cond" truecount="1" falsecount="0"/>
      <line num="47" count="6" type="cond" truecount="1" falsecount="0"/>
      <line num="48" count="21" type="cond" truecount="1" falsecount="0"/>
      <line num="49" count="14" type="cond" truecount="1" falsecount="0"/>
      <line num="50" count="11" type="cond" truecount="1" falsecount="0"/>
      <line num="51" count="2" type="stmt"/>
      <line num="52" count="2" type="stmt"/>
      <line num="53" count="11" type="stmt"/>
      <line num="54" count="14" type="stmt"/>
      <line num="55" count="19" type="cond" truecount="1" falsecount="0"/>
      <line num="56" count="21" type="cond" truecount="1" falsecount="0"/>
      <line num="57" count="11" type="cond" truecount="1" falsecount="1"/>
      <line num="58" count="0" type="stmt"/>
      <line num="59" count="0" type="stmt"/>
      <line num="60" count="11" type="stmt"/>
      <line num="61" count="11" type="cond" truecount="2" falsecount="0"/>
      <line num="62" count="1" type="stmt"/>
      <line num="63" count="1" type="stmt"/>
      <line num="64" count="11" type="stmt"/>
      <line num="65" count="21" type="stmt"/>
      <line num="66" count="6" type="stmt"/>
      <line num="67" count="1" type="stmt"/>
      <line num="68" count="1" type="stmt"/>
      <line num="69" count="0" type="stmt"/>
      <line num="70" count="0" type="stmt"/>
      <line num="71" count="1" type="stmt"/>
      <line num="72" count="1" type="stmt"/>
      <line num="73" count="0" type="stmt"/>
      <line num="74" count="0" type="stmt"/>
      <line num="75" count="1" type="stmt"/>
    </file>
    <file name="product.ts" path="/Users/jandir/Mastery/fullcycle/entities/src/domain/entities/product.ts">
      <metrics statements="87" coveredstatements="87" conditionals="22" coveredconditionals="22" methods="10" coveredmethods="10"/>
      <line num="1" count="1" type="stmt"/>
      <line num="2" count="1" type="stmt"/>
      <line num="3" count="1" type="stmt"/>
      <line num="4" count="1" type="cond" truecount="1" falsecount="0"/>
      <line num="5" count="1" type="stmt"/>
      <line num="6" count="1" type="stmt"/>
      <line num="7" count="1" type="stmt"/>
      <line num="8" count="1" type="stmt"/>
      <line num="9" count="1" type="stmt"/>
      <line num="10" count="1" type="stmt"/>
      <line num="11" count="1" type="cond" truecount="1" falsecount="0"/>
      <line num="12" count="17" type="stmt"/>
      <line num="13" count="17" type="stmt"/>
      <line num="14" count="17" type="stmt"/>
      <line num="15" count="17" type="stmt"/>
      <line num="16" count="17" type="stmt"/>
      <line num="17" count="17" type="stmt"/>
      <line num="18" count="17" type="stmt"/>
      <line num="19" count="17" type="stmt"/>
      <line num="20" count="17" type="stmt"/>
      <line num="21" count="17" type="stmt"/>
      <line num="22" count="17" type="stmt"/>
      <line num="23" count="17" type="stmt"/>
      <line num="24" count="17" type="stmt"/>
      <line num="25" count="1" type="stmt"/>
      <line num="26" count="1" type="cond" truecount="1" falsecount="0"/>
      <line num="27" count="3" type="stmt"/>
      <line num="28" count="3" type="stmt"/>
      <line num="29" count="1" type="stmt"/>
      <line num="30" count="1" type="cond" truecount="1" falsecount="0"/>
      <line num="31" count="3" type="stmt"/>
      <line num="32" count="3" type="stmt"/>
      <line num="33" count="1" type="stmt"/>
      <line num="34" count="1" type="cond" truecount="1" falsecount="0"/>
      <line num="35" count="6" type="stmt"/>
      <line num="36" count="6" type="stmt"/>
      <line num="37" count="1" type="stmt"/>
      <line num="38" count="1" type="cond" truecount="1" falsecount="0"/>
      <line num="39" count="22" type="cond" truecount="1" falsecount="0"/>
      <line num="40" count="52" type="cond" truecount="1" falsecount="0"/>
      <line num="41" count="36" type="stmt"/>
      <line num="42" count="36" type="cond" truecount="1" falsecount="0"/>
      <line num="43" count="3" type="stmt"/>
      <line num="44" count="3" type="stmt"/>
      <line num="45" count="36" type="stmt"/>
      <line num="46" count="36" type="stmt"/>
      <line num="47" count="49" type="cond" truecount="1" falsecount="0"/>
      <line num="48" count="52" type="cond" truecount="1" falsecount="0"/>
      <line num="49" count="33" type="cond" truecount="2" falsecount="0"/>
      <line num="50" count="2" type="stmt"/>
      <line num="51" count="2" type="stmt"/>
      <line num="52" count="31" type="cond" truecount="1" falsecount="0"/>
      <line num="53" count="33" type="cond" truecount="2" falsecount="0"/>
      <line num="54" count="2" type="stmt"/>
      <line num="55" count="2" type="stmt"/>
      <line num="56" count="33" type="stmt"/>
      <line num="57" count="22" type="stmt"/>
      <line num="58" count="22" type="stmt"/>
      <line num="59" count="1" type="stmt"/>
      <line num="60" count="1" type="cond" truecount="1" falsecount="0"/>
      <line num="61" count="2" type="stmt"/>
      <line num="62" count="2" type="stmt"/>
      <line num="63" count="2" type="stmt"/>
      <line num="64" count="2" type="stmt"/>
      <line num="65" count="2" type="stmt"/>
      <line num="66" count="2" type="stmt"/>
      <line num="67" count="1" type="stmt"/>
      <line num="68" count="1" type="cond" truecount="1" falsecount="0"/>
      <line num="69" count="3" type="stmt"/>
      <line num="70" count="3" type="stmt"/>
      <line num="71" count="3" type="stmt"/>
      <line num="72" count="3" type="stmt"/>
      <line num="73" count="3" type="stmt"/>
      <line num="74" count="3" type="stmt"/>
      <line num="75" count="3" type="stmt"/>
      <line num="76" count="3" type="stmt"/>
      <line num="77" count="3" type="stmt"/>
      <line num="78" count="3" type="stmt"/>
      <line num="79" count="1" type="stmt"/>
      <line num="80" count="1" type="cond" truecount="1" falsecount="0"/>
      <line num="81" count="1" type="stmt"/>
      <line num="82" count="1" type="stmt"/>
      <line num="83" count="1" type="stmt"/>
      <line num="84" count="1" type="cond" truecount="1" falsecount="0"/>
      <line num="85" count="2" type="cond" truecount="2" falsecount="0"/>
      <line num="86" count="2" type="stmt"/>
      <line num="87" count="1" type="stmt"/>
    </file>
  </project>
</coverage>
