{"/Users/jandir/Mastery/fullcycle/entities/src/domain/entities/address.ts": {"path":"/Users/jandir/Mastery/fullcycle/entities/src/domain/entities/address.ts","all":false,"statementMap":{"0":{"start":{"line":1,"column":0},"end":{"line":1,"column":22}},"1":{"start":{"line":2,"column":0},"end":{"line":2,"column":20}},"2":{"start":{"line":3,"column":0},"end":{"line":3,"column":20}},"3":{"start":{"line":4,"column":0},"end":{"line":4,"column":18}},"4":{"start":{"line":5,"column":0},"end":{"line":5,"column":21}},"5":{"start":{"line":6,"column":0},"end":{"line":6,"column":0}},"6":{"start":{"line":7,"column":0},"end":{"line":7,"column":86}},"7":{"start":{"line":8,"column":0},"end":{"line":8,"column":30}},"8":{"start":{"line":9,"column":0},"end":{"line":9,"column":36}},"9":{"start":{"line":10,"column":0},"end":{"line":10,"column":26}},"10":{"start":{"line":11,"column":0},"end":{"line":11,"column":32}},"11":{"start":{"line":12,"column":0},"end":{"line":12,"column":0}},"12":{"start":{"line":13,"column":0},"end":{"line":13,"column":24}},"13":{"start":{"line":14,"column":0},"end":{"line":14,"column":5}},"14":{"start":{"line":15,"column":0},"end":{"line":15,"column":0}},"15":{"start":{"line":16,"column":0},"end":{"line":16,"column":18}},"16":{"start":{"line":17,"column":0},"end":{"line":17,"column":28}},"17":{"start":{"line":18,"column":0},"end":{"line":18,"column":5}},"18":{"start":{"line":19,"column":0},"end":{"line":19,"column":0}},"19":{"start":{"line":20,"column":0},"end":{"line":20,"column":24}},"20":{"start":{"line":21,"column":0},"end":{"line":21,"column":28}},"21":{"start":{"line":22,"column":0},"end":{"line":22,"column":5}},"22":{"start":{"line":23,"column":0},"end":{"line":23,"column":4}},"23":{"start":{"line":24,"column":0},"end":{"line":24,"column":16}},"24":{"start":{"line":25,"column":0},"end":{"line":25,"column":26}},"25":{"start":{"line":26,"column":0},"end":{"line":26,"column":5}},"26":{"start":{"line":27,"column":0},"end":{"line":27,"column":0}},"27":{"start":{"line":28,"column":0},"end":{"line":28,"column":19}},"28":{"start":{"line":29,"column":0},"end":{"line":29,"column":29}},"29":{"start":{"line":30,"column":0},"end":{"line":30,"column":5}},"30":{"start":{"line":31,"column":0},"end":{"line":31,"column":0}},"31":{"start":{"line":32,"column":0},"end":{"line":32,"column":16}},"32":{"start":{"line":33,"column":0},"end":{"line":33,"column":66}},"33":{"start":{"line":34,"column":0},"end":{"line":34,"column":73}},"34":{"start":{"line":35,"column":0},"end":{"line":35,"column":62}},"35":{"start":{"line":36,"column":0},"end":{"line":36,"column":75}},"36":{"start":{"line":37,"column":0},"end":{"line":37,"column":5}},"37":{"start":{"line":38,"column":0},"end":{"line":38,"column":0}},"38":{"start":{"line":39,"column":0},"end":{"line":39,"column":16}},"39":{"start":{"line":40,"column":0},"end":{"line":40,"column":83}},"40":{"start":{"line":41,"column":0},"end":{"line":41,"column":5}},"41":{"start":{"line":42,"column":0},"end":{"line":42,"column":0}},"42":{"start":{"line":43,"column":0},"end":{"line":43,"column":31}},"43":{"start":{"line":44,"column":0},"end":{"line":44,"column":185}},"44":{"start":{"line":45,"column":0},"end":{"line":45,"column":5}},"45":{"start":{"line":46,"column":0},"end":{"line":46,"column":1}}},"s":{"0":1,"1":1,"2":1,"3":1,"4":1,"5":1,"6":1,"7":4,"8":4,"9":4,"10":4,"11":4,"12":4,"13":4,"14":1,"15":1,"16":0,"17":0,"18":1,"19":1,"20":0,"21":0,"22":1,"23":1,"24":0,"25":0,"26":1,"27":1,"28":0,"29":0,"30":1,"31":1,"32":4,"33":4,"34":4,"35":4,"36":4,"37":1,"38":1,"39":0,"40":0,"41":1,"42":1,"43":0,"44":0,"45":1},"branchMap":{"0":{"type":"branch","line":1,"loc":{"start":{"line":1,"column":13},"end":{"line":1,"column":20}},"locations":[{"start":{"line":1,"column":13},"end":{"line":1,"column":20}}]},"1":{"type":"branch","line":32,"loc":{"start":{"line":32,"column":4},"end":{"line":37,"column":5}},"locations":[{"start":{"line":32,"column":4},"end":{"line":37,"column":5}}]},"2":{"type":"branch","line":33,"loc":{"start":{"line":33,"column":27},"end":{"line":33,"column":66}},"locations":[{"start":{"line":33,"column":27},"end":{"line":33,"column":66}}]},"3":{"type":"branch","line":34,"loc":{"start":{"line":34,"column":27},"end":{"line":34,"column":73}},"locations":[{"start":{"line":34,"column":27},"end":{"line":34,"column":73}}]},"4":{"type":"branch","line":35,"loc":{"start":{"line":35,"column":25},"end":{"line":35,"column":62}},"locations":[{"start":{"line":35,"column":25},"end":{"line":35,"column":62}}]},"5":{"type":"branch","line":36,"loc":{"start":{"line":36,"column":28},"end":{"line":36,"column":75}},"locations":[{"start":{"line":36,"column":28},"end":{"line":36,"column":75}}]},"6":{"type":"branch","line":7,"loc":{"start":{"line":7,"column":4},"end":{"line":14,"column":5}},"locations":[{"start":{"line":7,"column":4},"end":{"line":14,"column":5}}]}},"b":{"0":[9],"1":[4],"2":[0],"3":[0],"4":[0],"5":[0],"6":[4]},"fnMap":{"0":{"name":"get","decl":{"start":{"line":1,"column":13},"end":{"line":1,"column":20}},"loc":{"start":{"line":1,"column":13},"end":{"line":1,"column":20}},"line":1},"1":{"name":"get street","decl":{"start":{"line":16,"column":4},"end":{"line":18,"column":5}},"loc":{"start":{"line":16,"column":4},"end":{"line":18,"column":5}},"line":16},"2":{"name":"get streetNumber","decl":{"start":{"line":20,"column":4},"end":{"line":22,"column":5}},"loc":{"start":{"line":20,"column":4},"end":{"line":22,"column":5}},"line":20},"3":{"name":"get city","decl":{"start":{"line":24,"column":4},"end":{"line":26,"column":5}},"loc":{"start":{"line":24,"column":4},"end":{"line":26,"column":5}},"line":24},"4":{"name":"get zipCode","decl":{"start":{"line":28,"column":4},"end":{"line":30,"column":5}},"loc":{"start":{"line":28,"column":4},"end":{"line":30,"column":5}},"line":28},"5":{"name":"validate","decl":{"start":{"line":32,"column":4},"end":{"line":37,"column":5}},"loc":{"start":{"line":32,"column":4},"end":{"line":37,"column":5}},"line":32},"6":{"name":"toString","decl":{"start":{"line":39,"column":4},"end":{"line":41,"column":5}},"loc":{"start":{"line":39,"column":4},"end":{"line":41,"column":5}},"line":39},"7":{"name":"isEqual","decl":{"start":{"line":43,"column":4},"end":{"line":45,"column":5}},"loc":{"start":{"line":43,"column":4},"end":{"line":45,"column":5}},"line":43},"8":{"name":"Address","decl":{"start":{"line":7,"column":4},"end":{"line":14,"column":5}},"loc":{"start":{"line":7,"column":4},"end":{"line":14,"column":5}},"line":7}},"f":{"0":9,"1":0,"2":0,"3":0,"4":0,"5":4,"6":0,"7":0,"8":4}}
,"/Users/jandir/Mastery/fullcycle/entities/src/domain/entities/customer.ts": {"path":"/Users/jandir/Mastery/fullcycle/entities/src/domain/entities/customer.ts","all":false,"statementMap":{"0":{"start":{"line":1,"column":0},"end":{"line":1,"column":44}},"1":{"start":{"line":2,"column":0},"end":{"line":2,"column":37}},"2":{"start":{"line":3,"column":0},"end":{"line":3,"column":36}},"3":{"start":{"line":4,"column":0},"end":{"line":4,"column":0}},"4":{"start":{"line":5,"column":0},"end":{"line":5,"column":23}},"5":{"start":{"line":6,"column":0},"end":{"line":6,"column":14}},"6":{"start":{"line":7,"column":0},"end":{"line":7,"column":0}},"7":{"start":{"line":8,"column":0},"end":{"line":8,"column":16}},"8":{"start":{"line":9,"column":0},"end":{"line":9,"column":0}},"9":{"start":{"line":10,"column":0},"end":{"line":10,"column":20}},"10":{"start":{"line":11,"column":0},"end":{"line":11,"column":0}},"11":{"start":{"line":12,"column":0},"end":{"line":12,"column":19}},"12":{"start":{"line":13,"column":0},"end":{"line":13,"column":0}},"13":{"start":{"line":14,"column":0},"end":{"line":14,"column":59}},"14":{"start":{"line":15,"column":0},"end":{"line":15,"column":20}},"15":{"start":{"line":16,"column":0},"end":{"line":16,"column":72}},"16":{"start":{"line":17,"column":0},"end":{"line":17,"column":90}},"17":{"start":{"line":18,"column":0},"end":{"line":18,"column":82}},"18":{"start":{"line":19,"column":0},"end":{"line":19,"column":7}},"19":{"start":{"line":20,"column":0},"end":{"line":20,"column":0}},"20":{"start":{"line":21,"column":0},"end":{"line":21,"column":18}},"21":{"start":{"line":22,"column":0},"end":{"line":22,"column":22}},"22":{"start":{"line":23,"column":0},"end":{"line":23,"column":28}},"23":{"start":{"line":24,"column":0},"end":{"line":24,"column":3}},"24":{"start":{"line":25,"column":0},"end":{"line":25,"column":0}},"25":{"start":{"line":26,"column":0},"end":{"line":26,"column":20}},"26":{"start":{"line":27,"column":0},"end":{"line":27,"column":20}},"27":{"start":{"line":28,"column":0},"end":{"line":28,"column":3}},"28":{"start":{"line":29,"column":0},"end":{"line":29,"column":0}},"29":{"start":{"line":30,"column":0},"end":{"line":30,"column":22}},"30":{"start":{"line":31,"column":0},"end":{"line":31,"column":22}},"31":{"start":{"line":32,"column":0},"end":{"line":32,"column":3}},"32":{"start":{"line":33,"column":0},"end":{"line":33,"column":0}},"33":{"start":{"line":34,"column":0},"end":{"line":34,"column":26}},"34":{"start":{"line":35,"column":0},"end":{"line":35,"column":25}},"35":{"start":{"line":36,"column":0},"end":{"line":36,"column":3}},"36":{"start":{"line":37,"column":0},"end":{"line":37,"column":0}},"37":{"start":{"line":38,"column":0},"end":{"line":38,"column":27}},"38":{"start":{"line":39,"column":0},"end":{"line":39,"column":26}},"39":{"start":{"line":40,"column":0},"end":{"line":40,"column":3}},"40":{"start":{"line":41,"column":0},"end":{"line":41,"column":0}},"41":{"start":{"line":42,"column":0},"end":{"line":42,"column":41}},"42":{"start":{"line":43,"column":0},"end":{"line":43,"column":56}},"43":{"start":{"line":44,"column":0},"end":{"line":44,"column":43}},"44":{"start":{"line":45,"column":0},"end":{"line":45,"column":67}},"45":{"start":{"line":46,"column":0},"end":{"line":46,"column":23}},"46":{"start":{"line":47,"column":0},"end":{"line":47,"column":81}},"47":{"start":{"line":48,"column":0},"end":{"line":48,"column":11}},"48":{"start":{"line":49,"column":0},"end":{"line":49,"column":9}},"49":{"start":{"line":50,"column":0},"end":{"line":50,"column":7}},"50":{"start":{"line":51,"column":0},"end":{"line":51,"column":0}},"51":{"start":{"line":52,"column":0},"end":{"line":52,"column":90}},"52":{"start":{"line":53,"column":0},"end":{"line":53,"column":39}},"53":{"start":{"line":54,"column":0},"end":{"line":54,"column":171}},"54":{"start":{"line":55,"column":0},"end":{"line":55,"column":9}},"55":{"start":{"line":56,"column":0},"end":{"line":56,"column":7}},"56":{"start":{"line":57,"column":0},"end":{"line":57,"column":7}},"57":{"start":{"line":58,"column":0},"end":{"line":58,"column":3}},"58":{"start":{"line":59,"column":0},"end":{"line":59,"column":0}},"59":{"start":{"line":60,"column":0},"end":{"line":60,"column":34}},"60":{"start":{"line":61,"column":0},"end":{"line":61,"column":20}},"61":{"start":{"line":62,"column":0},"end":{"line":62,"column":90}},"62":{"start":{"line":63,"column":0},"end":{"line":63,"column":7}},"63":{"start":{"line":64,"column":0},"end":{"line":64,"column":22}},"64":{"start":{"line":65,"column":0},"end":{"line":65,"column":3}},"65":{"start":{"line":66,"column":0},"end":{"line":66,"column":0}},"66":{"start":{"line":67,"column":0},"end":{"line":67,"column":41}},"67":{"start":{"line":68,"column":0},"end":{"line":68,"column":20}},"68":{"start":{"line":69,"column":0},"end":{"line":69,"column":82}},"69":{"start":{"line":70,"column":0},"end":{"line":70,"column":7}},"70":{"start":{"line":71,"column":0},"end":{"line":71,"column":28}},"71":{"start":{"line":72,"column":0},"end":{"line":72,"column":3}},"72":{"start":{"line":73,"column":0},"end":{"line":73,"column":0}},"73":{"start":{"line":74,"column":0},"end":{"line":74,"column":22}},"74":{"start":{"line":75,"column":0},"end":{"line":75,"column":112}},"75":{"start":{"line":76,"column":0},"end":{"line":76,"column":3}},"76":{"start":{"line":77,"column":0},"end":{"line":77,"column":0}},"77":{"start":{"line":78,"column":0},"end":{"line":78,"column":40}},"78":{"start":{"line":79,"column":0},"end":{"line":79,"column":111}},"79":{"start":{"line":80,"column":0},"end":{"line":80,"column":3}},"80":{"start":{"line":81,"column":0},"end":{"line":81,"column":1}}},"s":{"0":1,"1":1,"2":1,"3":1,"4":1,"5":1,"6":1,"7":1,"8":1,"9":1,"10":1,"11":1,"12":1,"13":1,"14":7,"15":7,"16":7,"17":7,"18":7,"19":7,"20":7,"21":7,"22":7,"23":7,"24":1,"25":1,"26":0,"27":0,"28":1,"29":1,"30":2,"31":2,"32":1,"33":1,"34":0,"35":0,"36":1,"37":1,"38":0,"39":0,"40":1,"41":1,"42":9,"43":20,"44":20,"45":20,"46":3,"47":3,"48":20,"49":20,"50":17,"51":20,"52":0,"53":0,"54":0,"55":0,"56":9,"57":9,"58":1,"59":1,"60":2,"61":2,"62":2,"63":2,"64":2,"65":1,"66":1,"67":0,"68":0,"69":0,"70":0,"71":0,"72":1,"73":1,"74":0,"75":0,"76":1,"77":1,"78":0,"79":0,"80":1},"branchMap":{"0":{"type":"branch","line":5,"loc":{"start":{"line":5,"column":13},"end":{"line":5,"column":21}},"locations":[{"start":{"line":5,"column":13},"end":{"line":5,"column":21}}]},"1":{"type":"branch","line":30,"loc":{"start":{"line":30,"column":2},"end":{"line":32,"column":3}},"locations":[{"start":{"line":30,"column":2},"end":{"line":32,"column":3}}]},"2":{"type":"branch","line":60,"loc":{"start":{"line":60,"column":2},"end":{"line":65,"column":3}},"locations":[{"start":{"line":60,"column":2},"end":{"line":65,"column":3}}]},"3":{"type":"branch","line":14,"loc":{"start":{"line":14,"column":2},"end":{"line":24,"column":3}},"locations":[{"start":{"line":14,"column":2},"end":{"line":24,"column":3}}]},"4":{"type":"branch","line":42,"loc":{"start":{"line":42,"column":2},"end":{"line":58,"column":3}},"locations":[{"start":{"line":42,"column":2},"end":{"line":58,"column":3}}]},"5":{"type":"branch","line":43,"loc":{"start":{"line":43,"column":19},"end":{"line":57,"column":6}},"locations":[{"start":{"line":43,"column":19},"end":{"line":57,"column":6}}]},"6":{"type":"branch","line":45,"loc":{"start":{"line":45,"column":36},"end":{"line":45,"column":66}},"locations":[{"start":{"line":45,"column":36},"end":{"line":45,"column":66}}]},"7":{"type":"branch","line":46,"loc":{"start":{"line":46,"column":22},"end":{"line":48,"column":11}},"locations":[{"start":{"line":46,"column":22},"end":{"line":48,"column":11}}]},"8":{"type":"branch","line":51,"loc":{"start":{"line":51,"column":-1},"end":{"line":52,"column":43}},"locations":[{"start":{"line":51,"column":-1},"end":{"line":52,"column":43}}]},"9":{"type":"branch","line":52,"loc":{"start":{"line":52,"column":39},"end":{"line":52,"column":87}},"locations":[{"start":{"line":52,"column":39},"end":{"line":52,"column":87}}]},"10":{"type":"branch","line":52,"loc":{"start":{"line":52,"column":89},"end":{"line":56,"column":7}},"locations":[{"start":{"line":52,"column":89},"end":{"line":56,"column":7}}]}},"b":{"0":[7],"1":[2],"2":[2],"3":[7],"4":[9],"5":[20],"6":[5],"7":[3],"8":[17],"9":[6],"10":[0]},"fnMap":{"0":{"name":"get","decl":{"start":{"line":5,"column":13},"end":{"line":5,"column":21}},"loc":{"start":{"line":5,"column":13},"end":{"line":5,"column":21}},"line":5},"1":{"name":"get id","decl":{"start":{"line":26,"column":2},"end":{"line":28,"column":3}},"loc":{"start":{"line":26,"column":2},"end":{"line":28,"column":3}},"line":26},"2":{"name":"get name","decl":{"start":{"line":30,"column":2},"end":{"line":32,"column":3}},"loc":{"start":{"line":30,"column":2},"end":{"line":32,"column":3}},"line":30},"3":{"name":"get address","decl":{"start":{"line":34,"column":2},"end":{"line":36,"column":3}},"loc":{"start":{"line":34,"column":2},"end":{"line":36,"column":3}},"line":34},"4":{"name":"get isActive","decl":{"start":{"line":38,"column":2},"end":{"line":40,"column":3}},"loc":{"start":{"line":38,"column":2},"end":{"line":40,"column":3}},"line":38},"5":{"name":"changeName","decl":{"start":{"line":60,"column":2},"end":{"line":65,"column":3}},"loc":{"start":{"line":60,"column":2},"end":{"line":65,"column":3}},"line":60},"6":{"name":"changeAddress","decl":{"start":{"line":67,"column":2},"end":{"line":72,"column":3}},"loc":{"start":{"line":67,"column":2},"end":{"line":72,"column":3}},"line":67},"7":{"name":"toString","decl":{"start":{"line":74,"column":2},"end":{"line":76,"column":3}},"loc":{"start":{"line":74,"column":2},"end":{"line":76,"column":3}},"line":74},"8":{"name":"isEqual","decl":{"start":{"line":78,"column":2},"end":{"line":80,"column":3}},"loc":{"start":{"line":78,"column":2},"end":{"line":80,"column":3}},"line":78},"9":{"name":"Customer","decl":{"start":{"line":14,"column":2},"end":{"line":24,"column":3}},"loc":{"start":{"line":14,"column":2},"end":{"line":24,"column":3}},"line":14},"10":{"name":"validate","decl":{"start":{"line":42,"column":2},"end":{"line":58,"column":3}},"loc":{"start":{"line":42,"column":2},"end":{"line":58,"column":3}},"line":42}},"f":{"0":7,"1":0,"2":2,"3":0,"4":0,"5":2,"6":0,"7":0,"8":0,"9":7,"10":9}}
,"/Users/jandir/Mastery/fullcycle/entities/src/domain/entities/order_item.ts": {"path":"/Users/jandir/Mastery/fullcycle/entities/src/domain/entities/order_item.ts","all":false,"statementMap":{"0":{"start":{"line":1,"column":0},"end":{"line":1,"column":44}},"1":{"start":{"line":2,"column":0},"end":{"line":2,"column":37}},"2":{"start":{"line":3,"column":0},"end":{"line":3,"column":0}},"3":{"start":{"line":4,"column":0},"end":{"line":4,"column":24}},"4":{"start":{"line":5,"column":0},"end":{"line":5,"column":16}},"5":{"start":{"line":6,"column":0},"end":{"line":6,"column":18}},"6":{"start":{"line":7,"column":0},"end":{"line":7,"column":19}},"7":{"start":{"line":8,"column":0},"end":{"line":8,"column":22}},"8":{"start":{"line":9,"column":0},"end":{"line":9,"column":23}},"9":{"start":{"line":10,"column":0},"end":{"line":10,"column":0}},"10":{"start":{"line":11,"column":0},"end":{"line":11,"column":91}},"11":{"start":{"line":12,"column":0},"end":{"line":12,"column":26}},"12":{"start":{"line":13,"column":0},"end":{"line":13,"column":77}},"13":{"start":{"line":14,"column":0},"end":{"line":14,"column":95}},"14":{"start":{"line":15,"column":0},"end":{"line":15,"column":79}},"15":{"start":{"line":16,"column":0},"end":{"line":16,"column":90}},"16":{"start":{"line":17,"column":0},"end":{"line":17,"column":85}},"17":{"start":{"line":18,"column":0},"end":{"line":18,"column":10}},"18":{"start":{"line":19,"column":0},"end":{"line":19,"column":22}},"19":{"start":{"line":20,"column":0},"end":{"line":20,"column":26}},"20":{"start":{"line":21,"column":0},"end":{"line":21,"column":28}},"21":{"start":{"line":22,"column":0},"end":{"line":22,"column":34}},"22":{"start":{"line":23,"column":0},"end":{"line":23,"column":36}},"23":{"start":{"line":24,"column":0},"end":{"line":24,"column":5}},"24":{"start":{"line":25,"column":0},"end":{"line":25,"column":0}},"25":{"start":{"line":26,"column":0},"end":{"line":26,"column":22}},"26":{"start":{"line":27,"column":0},"end":{"line":27,"column":24}},"27":{"start":{"line":28,"column":0},"end":{"line":28,"column":5}},"28":{"start":{"line":29,"column":0},"end":{"line":29,"column":0}},"29":{"start":{"line":30,"column":0},"end":{"line":30,"column":24}},"30":{"start":{"line":31,"column":0},"end":{"line":31,"column":26}},"31":{"start":{"line":32,"column":0},"end":{"line":32,"column":5}},"32":{"start":{"line":33,"column":0},"end":{"line":33,"column":0}},"33":{"start":{"line":34,"column":0},"end":{"line":34,"column":25}},"34":{"start":{"line":35,"column":0},"end":{"line":35,"column":44}},"35":{"start":{"line":36,"column":0},"end":{"line":36,"column":5}},"36":{"start":{"line":37,"column":0},"end":{"line":37,"column":0}},"37":{"start":{"line":38,"column":0},"end":{"line":38,"column":28}},"38":{"start":{"line":39,"column":0},"end":{"line":39,"column":30}},"39":{"start":{"line":40,"column":0},"end":{"line":40,"column":5}},"40":{"start":{"line":41,"column":0},"end":{"line":41,"column":0}},"41":{"start":{"line":42,"column":0},"end":{"line":42,"column":29}},"42":{"start":{"line":43,"column":0},"end":{"line":43,"column":31}},"43":{"start":{"line":44,"column":0},"end":{"line":44,"column":5}},"44":{"start":{"line":45,"column":0},"end":{"line":45,"column":0}},"45":{"start":{"line":46,"column":0},"end":{"line":46,"column":39}},"46":{"start":{"line":47,"column":0},"end":{"line":47,"column":60}},"47":{"start":{"line":48,"column":0},"end":{"line":48,"column":49}},"48":{"start":{"line":49,"column":0},"end":{"line":49,"column":45}},"49":{"start":{"line":50,"column":0},"end":{"line":50,"column":29}},"50":{"start":{"line":51,"column":0},"end":{"line":51,"column":86}},"51":{"start":{"line":52,"column":0},"end":{"line":52,"column":17}},"52":{"start":{"line":53,"column":0},"end":{"line":53,"column":15}},"53":{"start":{"line":54,"column":0},"end":{"line":54,"column":13}},"54":{"start":{"line":55,"column":0},"end":{"line":55,"column":0}},"55":{"start":{"line":56,"column":0},"end":{"line":56,"column":67}},"56":{"start":{"line":57,"column":0},"end":{"line":57,"column":93}},"57":{"start":{"line":58,"column":0},"end":{"line":58,"column":176}},"58":{"start":{"line":59,"column":0},"end":{"line":59,"column":15}},"59":{"start":{"line":60,"column":0},"end":{"line":60,"column":0}},"60":{"start":{"line":61,"column":0},"end":{"line":61,"column":86}},"61":{"start":{"line":62,"column":0},"end":{"line":62,"column":160}},"62":{"start":{"line":63,"column":0},"end":{"line":63,"column":15}},"63":{"start":{"line":64,"column":0},"end":{"line":64,"column":13}},"64":{"start":{"line":65,"column":0},"end":{"line":65,"column":12}},"65":{"start":{"line":66,"column":0},"end":{"line":66,"column":5}},"66":{"start":{"line":67,"column":0},"end":{"line":67,"column":0}},"67":{"start":{"line":68,"column":0},"end":{"line":68,"column":24}},"68":{"start":{"line":69,"column":0},"end":{"line":69,"column":141}},"69":{"start":{"line":70,"column":0},"end":{"line":70,"column":5}},"70":{"start":{"line":71,"column":0},"end":{"line":71,"column":0}},"71":{"start":{"line":72,"column":0},"end":{"line":72,"column":44}},"72":{"start":{"line":73,"column":0},"end":{"line":73,"column":150}},"73":{"start":{"line":74,"column":0},"end":{"line":74,"column":5}},"74":{"start":{"line":75,"column":0},"end":{"line":75,"column":1}}},"s":{"0":1,"1":1,"2":1,"3":1,"4":1,"5":1,"6":1,"7":1,"8":1,"9":1,"10":1,"11":6,"12":6,"13":6,"14":6,"15":6,"16":6,"17":6,"18":6,"19":6,"20":6,"21":6,"22":6,"23":6,"24":1,"25":1,"26":0,"27":0,"28":1,"29":1,"30":0,"31":0,"32":1,"33":1,"34":0,"35":0,"36":1,"37":1,"38":0,"39":0,"40":1,"41":1,"42":0,"43":0,"44":1,"45":1,"46":6,"47":21,"48":14,"49":11,"50":2,"51":2,"52":11,"53":14,"54":19,"55":21,"56":11,"57":0,"58":0,"59":11,"60":11,"61":1,"62":1,"63":11,"64":21,"65":6,"66":1,"67":1,"68":0,"69":0,"70":1,"71":1,"72":0,"73":0,"74":1},"branchMap":{"0":{"type":"branch","line":4,"loc":{"start":{"line":4,"column":13},"end":{"line":4,"column":22}},"locations":[{"start":{"line":4,"column":13},"end":{"line":4,"column":22}}]},"1":{"type":"branch","line":11,"loc":{"start":{"line":11,"column":4},"end":{"line":24,"column":5}},"locations":[{"start":{"line":11,"column":4},"end":{"line":24,"column":5}}]},"2":{"type":"branch","line":46,"loc":{"start":{"line":46,"column":4},"end":{"line":66,"column":5}},"locations":[{"start":{"line":46,"column":4},"end":{"line":66,"column":5}}]},"3":{"type":"branch","line":47,"loc":{"start":{"line":47,"column":23},"end":{"line":65,"column":12}},"locations":[{"start":{"line":47,"column":23},"end":{"line":65,"column":12}}]},"4":{"type":"branch","line":48,"loc":{"start":{"line":48,"column":48},"end":{"line":54,"column":13}},"locations":[{"start":{"line":48,"column":48},"end":{"line":54,"column":13}}]},"5":{"type":"branch","line":49,"loc":{"start":{"line":49,"column":44},"end":{"line":53,"column":15}},"locations":[{"start":{"line":49,"column":44},"end":{"line":53,"column":15}}]},"6":{"type":"branch","line":50,"loc":{"start":{"line":50,"column":28},"end":{"line":52,"column":17}},"locations":[{"start":{"line":50,"column":28},"end":{"line":52,"column":17}}]},"7":{"type":"branch","line":55,"loc":{"start":{"line":55,"column":-1},"end":{"line":56,"column":66}},"locations":[{"start":{"line":55,"column":-1},"end":{"line":56,"column":66}}]},"8":{"type":"branch","line":56,"loc":{"start":{"line":56,"column":66},"end":{"line":64,"column":13}},"locations":[{"start":{"line":56,"column":66},"end":{"line":64,"column":13}}]},"9":{"type":"branch","line":57,"loc":{"start":{"line":57,"column":42},"end":{"line":57,"column":90}},"locations":[{"start":{"line":57,"column":42},"end":{"line":57,"column":90}}]},"10":{"type":"branch","line":57,"loc":{"start":{"line":57,"column":92},"end":{"line":59,"column":15}},"locations":[{"start":{"line":57,"column":92},"end":{"line":59,"column":15}}]},"11":{"type":"branch","line":61,"loc":{"start":{"line":61,"column":42},"end":{"line":61,"column":83}},"locations":[{"start":{"line":61,"column":42},"end":{"line":61,"column":83}}]},"12":{"type":"branch","line":61,"loc":{"start":{"line":61,"column":85},"end":{"line":63,"column":15}},"locations":[{"start":{"line":61,"column":85},"end":{"line":63,"column":15}}]}},"b":{"0":[6],"1":[6],"2":[6],"3":[21],"4":[14],"5":[11],"6":[2],"7":[19],"8":[11],"9":[4],"10":[0],"11":[7],"12":[1]},"fnMap":{"0":{"name":"get","decl":{"start":{"line":4,"column":13},"end":{"line":4,"column":22}},"loc":{"start":{"line":4,"column":13},"end":{"line":4,"column":22}},"line":4},"1":{"name":"get id","decl":{"start":{"line":26,"column":4},"end":{"line":28,"column":5}},"loc":{"start":{"line":26,"column":4},"end":{"line":28,"column":5}},"line":26},"2":{"name":"get name","decl":{"start":{"line":30,"column":4},"end":{"line":32,"column":5}},"loc":{"start":{"line":30,"column":4},"end":{"line":32,"column":5}},"line":30},"3":{"name":"get price","decl":{"start":{"line":34,"column":4},"end":{"line":36,"column":5}},"loc":{"start":{"line":34,"column":4},"end":{"line":36,"column":5}},"line":34},"4":{"name":"get quantity","decl":{"start":{"line":38,"column":4},"end":{"line":40,"column":5}},"loc":{"start":{"line":38,"column":4},"end":{"line":40,"column":5}},"line":38},"5":{"name":"get productId","decl":{"start":{"line":42,"column":4},"end":{"line":44,"column":5}},"loc":{"start":{"line":42,"column":4},"end":{"line":44,"column":5}},"line":42},"6":{"name":"toString","decl":{"start":{"line":68,"column":4},"end":{"line":70,"column":5}},"loc":{"start":{"line":68,"column":4},"end":{"line":70,"column":5}},"line":68},"7":{"name":"isEqual","decl":{"start":{"line":72,"column":4},"end":{"line":74,"column":5}},"loc":{"start":{"line":72,"column":4},"end":{"line":74,"column":5}},"line":72},"8":{"name":"OrderItem","decl":{"start":{"line":11,"column":4},"end":{"line":24,"column":5}},"loc":{"start":{"line":11,"column":4},"end":{"line":24,"column":5}},"line":11},"9":{"name":"validation","decl":{"start":{"line":46,"column":4},"end":{"line":66,"column":5}},"loc":{"start":{"line":46,"column":4},"end":{"line":66,"column":5}},"line":46}},"f":{"0":6,"1":0,"2":0,"3":0,"4":0,"5":0,"6":0,"7":0,"8":6,"9":6}}
,"/Users/jandir/Mastery/fullcycle/entities/src/domain/entities/product.ts": {"path":"/Users/jandir/Mastery/fullcycle/entities/src/domain/entities/product.ts","all":false,"statementMap":{"0":{"start":{"line":1,"column":0},"end":{"line":1,"column":44}},"1":{"start":{"line":2,"column":0},"end":{"line":2,"column":37}},"2":{"start":{"line":3,"column":0},"end":{"line":3,"column":0}},"3":{"start":{"line":4,"column":0},"end":{"line":4,"column":22}},"4":{"start":{"line":5,"column":0},"end":{"line":5,"column":14}},"5":{"start":{"line":6,"column":0},"end":{"line":6,"column":0}},"6":{"start":{"line":7,"column":0},"end":{"line":7,"column":16}},"7":{"start":{"line":8,"column":0},"end":{"line":8,"column":0}},"8":{"start":{"line":9,"column":0},"end":{"line":9,"column":17}},"9":{"start":{"line":10,"column":0},"end":{"line":10,"column":0}},"10":{"start":{"line":11,"column":0},"end":{"line":11,"column":56}},"11":{"start":{"line":12,"column":0},"end":{"line":12,"column":22}},"12":{"start":{"line":13,"column":0},"end":{"line":13,"column":72}},"13":{"start":{"line":14,"column":0},"end":{"line":14,"column":7}},"14":{"start":{"line":15,"column":0},"end":{"line":15,"column":26}},"15":{"start":{"line":16,"column":0},"end":{"line":16,"column":20}},"16":{"start":{"line":17,"column":0},"end":{"line":17,"column":56}},"17":{"start":{"line":18,"column":0},"end":{"line":18,"column":8}},"18":{"start":{"line":19,"column":0},"end":{"line":19,"column":74}},"19":{"start":{"line":20,"column":0},"end":{"line":20,"column":7}},"20":{"start":{"line":21,"column":0},"end":{"line":21,"column":18}},"21":{"start":{"line":22,"column":0},"end":{"line":22,"column":22}},"22":{"start":{"line":23,"column":0},"end":{"line":23,"column":24}},"23":{"start":{"line":24,"column":0},"end":{"line":24,"column":3}},"24":{"start":{"line":25,"column":0},"end":{"line":25,"column":0}},"25":{"start":{"line":26,"column":0},"end":{"line":26,"column":20}},"26":{"start":{"line":27,"column":0},"end":{"line":27,"column":20}},"27":{"start":{"line":28,"column":0},"end":{"line":28,"column":3}},"28":{"start":{"line":29,"column":0},"end":{"line":29,"column":0}},"29":{"start":{"line":30,"column":0},"end":{"line":30,"column":22}},"30":{"start":{"line":31,"column":0},"end":{"line":31,"column":22}},"31":{"start":{"line":32,"column":0},"end":{"line":32,"column":3}},"32":{"start":{"line":33,"column":0},"end":{"line":33,"column":0}},"33":{"start":{"line":34,"column":0},"end":{"line":34,"column":23}},"34":{"start":{"line":35,"column":0},"end":{"line":35,"column":23}},"35":{"start":{"line":36,"column":0},"end":{"line":36,"column":3}},"36":{"start":{"line":37,"column":0},"end":{"line":37,"column":0}},"37":{"start":{"line":38,"column":0},"end":{"line":38,"column":37}},"38":{"start":{"line":39,"column":0},"end":{"line":39,"column":56}},"39":{"start":{"line":40,"column":0},"end":{"line":40,"column":43}},"40":{"start":{"line":41,"column":0},"end":{"line":41,"column":40}},"41":{"start":{"line":42,"column":0},"end":{"line":42,"column":23}},"42":{"start":{"line":43,"column":0},"end":{"line":43,"column":81}},"43":{"start":{"line":44,"column":0},"end":{"line":44,"column":11}},"44":{"start":{"line":45,"column":0},"end":{"line":45,"column":9}},"45":{"start":{"line":46,"column":0},"end":{"line":46,"column":7}},"46":{"start":{"line":47,"column":0},"end":{"line":47,"column":0}},"47":{"start":{"line":48,"column":0},"end":{"line":48,"column":62}},"48":{"start":{"line":49,"column":0},"end":{"line":49,"column":88}},"49":{"start":{"line":50,"column":0},"end":{"line":50,"column":171}},"50":{"start":{"line":51,"column":0},"end":{"line":51,"column":9}},"51":{"start":{"line":52,"column":0},"end":{"line":52,"column":0}},"52":{"start":{"line":53,"column":0},"end":{"line":53,"column":81}},"53":{"start":{"line":54,"column":0},"end":{"line":54,"column":155}},"54":{"start":{"line":55,"column":0},"end":{"line":55,"column":9}},"55":{"start":{"line":56,"column":0},"end":{"line":56,"column":7}},"56":{"start":{"line":57,"column":0},"end":{"line":57,"column":7}},"57":{"start":{"line":58,"column":0},"end":{"line":58,"column":3}},"58":{"start":{"line":59,"column":0},"end":{"line":59,"column":0}},"59":{"start":{"line":60,"column":0},"end":{"line":60,"column":36}},"60":{"start":{"line":61,"column":0},"end":{"line":61,"column":22}},"61":{"start":{"line":62,"column":0},"end":{"line":62,"column":74}},"62":{"start":{"line":63,"column":0},"end":{"line":63,"column":7}},"63":{"start":{"line":64,"column":0},"end":{"line":64,"column":0}},"64":{"start":{"line":65,"column":0},"end":{"line":65,"column":24}},"65":{"start":{"line":66,"column":0},"end":{"line":66,"column":3}},"66":{"start":{"line":67,"column":0},"end":{"line":67,"column":0}},"67":{"start":{"line":68,"column":0},"end":{"line":68,"column":34}},"68":{"start":{"line":69,"column":0},"end":{"line":69,"column":22}},"69":{"start":{"line":70,"column":0},"end":{"line":70,"column":7}},"70":{"start":{"line":71,"column":0},"end":{"line":71,"column":26}},"71":{"start":{"line":72,"column":0},"end":{"line":72,"column":20}},"72":{"start":{"line":73,"column":0},"end":{"line":73,"column":56}},"73":{"start":{"line":74,"column":0},"end":{"line":74,"column":8}},"74":{"start":{"line":75,"column":0},"end":{"line":75,"column":7}},"75":{"start":{"line":76,"column":0},"end":{"line":76,"column":0}},"76":{"start":{"line":77,"column":0},"end":{"line":77,"column":22}},"77":{"start":{"line":78,"column":0},"end":{"line":78,"column":3}},"78":{"start":{"line":79,"column":0},"end":{"line":79,"column":0}},"79":{"start":{"line":80,"column":0},"end":{"line":80,"column":22}},"80":{"start":{"line":81,"column":0},"end":{"line":81,"column":75}},"81":{"start":{"line":82,"column":0},"end":{"line":82,"column":3}},"82":{"start":{"line":83,"column":0},"end":{"line":83,"column":0}},"83":{"start":{"line":84,"column":0},"end":{"line":84,"column":38}},"84":{"start":{"line":85,"column":0},"end":{"line":85,"column":99}},"85":{"start":{"line":86,"column":0},"end":{"line":86,"column":3}},"86":{"start":{"line":87,"column":0},"end":{"line":87,"column":1}}},"s":{"0":1,"1":1,"2":1,"3":1,"4":1,"5":1,"6":1,"7":1,"8":1,"9":1,"10":1,"11":17,"12":17,"13":17,"14":17,"15":17,"16":17,"17":17,"18":17,"19":17,"20":17,"21":17,"22":17,"23":17,"24":1,"25":1,"26":3,"27":3,"28":1,"29":1,"30":3,"31":3,"32":1,"33":1,"34":6,"35":6,"36":1,"37":1,"38":22,"39":52,"40":36,"41":36,"42":3,"43":3,"44":36,"45":36,"46":49,"47":52,"48":33,"49":2,"50":2,"51":31,"52":33,"53":2,"54":2,"55":33,"56":22,"57":22,"58":1,"59":1,"60":2,"61":2,"62":2,"63":2,"64":2,"65":2,"66":1,"67":1,"68":3,"69":3,"70":3,"71":3,"72":3,"73":3,"74":3,"75":3,"76":3,"77":3,"78":1,"79":1,"80":1,"81":1,"82":1,"83":1,"84":2,"85":2,"86":1},"branchMap":{"0":{"type":"branch","line":4,"loc":{"start":{"line":4,"column":13},"end":{"line":4,"column":20}},"locations":[{"start":{"line":4,"column":13},"end":{"line":4,"column":20}}]},"1":{"type":"branch","line":26,"loc":{"start":{"line":26,"column":2},"end":{"line":28,"column":3}},"locations":[{"start":{"line":26,"column":2},"end":{"line":28,"column":3}}]},"2":{"type":"branch","line":30,"loc":{"start":{"line":30,"column":2},"end":{"line":32,"column":3}},"locations":[{"start":{"line":30,"column":2},"end":{"line":32,"column":3}}]},"3":{"type":"branch","line":34,"loc":{"start":{"line":34,"column":2},"end":{"line":36,"column":3}},"locations":[{"start":{"line":34,"column":2},"end":{"line":36,"column":3}}]},"4":{"type":"branch","line":60,"loc":{"start":{"line":60,"column":2},"end":{"line":66,"column":3}},"locations":[{"start":{"line":60,"column":2},"end":{"line":66,"column":3}}]},"5":{"type":"branch","line":68,"loc":{"start":{"line":68,"column":2},"end":{"line":78,"column":3}},"locations":[{"start":{"line":68,"column":2},"end":{"line":78,"column":3}}]},"6":{"type":"branch","line":80,"loc":{"start":{"line":80,"column":2},"end":{"line":82,"column":3}},"locations":[{"start":{"line":80,"column":2},"end":{"line":82,"column":3}}]},"7":{"type":"branch","line":84,"loc":{"start":{"line":84,"column":2},"end":{"line":86,"column":3}},"locations":[{"start":{"line":84,"column":2},"end":{"line":86,"column":3}}]},"8":{"type":"branch","line":85,"loc":{"start":{"line":85,"column":34},"end":{"line":85,"column":65}},"locations":[{"start":{"line":85,"column":34},"end":{"line":85,"column":65}}]},"9":{"type":"branch","line":85,"loc":{"start":{"line":85,"column":65},"end":{"line":85,"column":98}},"locations":[{"start":{"line":85,"column":65},"end":{"line":85,"column":98}}]},"10":{"type":"branch","line":11,"loc":{"start":{"line":11,"column":2},"end":{"line":24,"column":3}},"locations":[{"start":{"line":11,"column":2},"end":{"line":24,"column":3}}]},"11":{"type":"branch","line":38,"loc":{"start":{"line":38,"column":2},"end":{"line":58,"column":3}},"locations":[{"start":{"line":38,"column":2},"end":{"line":58,"column":3}}]},"12":{"type":"branch","line":39,"loc":{"start":{"line":39,"column":19},"end":{"line":57,"column":6}},"locations":[{"start":{"line":39,"column":19},"end":{"line":57,"column":6}}]},"13":{"type":"branch","line":40,"loc":{"start":{"line":40,"column":42},"end":{"line":46,"column":7}},"locations":[{"start":{"line":40,"column":42},"end":{"line":46,"column":7}}]},"14":{"type":"branch","line":42,"loc":{"start":{"line":42,"column":22},"end":{"line":44,"column":11}},"locations":[{"start":{"line":42,"column":22},"end":{"line":44,"column":11}}]},"15":{"type":"branch","line":47,"loc":{"start":{"line":47,"column":-1},"end":{"line":48,"column":61}},"locations":[{"start":{"line":47,"column":-1},"end":{"line":48,"column":61}}]},"16":{"type":"branch","line":48,"loc":{"start":{"line":48,"column":61},"end":{"line":56,"column":7}},"locations":[{"start":{"line":48,"column":61},"end":{"line":56,"column":7}}]},"17":{"type":"branch","line":49,"loc":{"start":{"line":49,"column":37},"end":{"line":49,"column":85}},"locations":[{"start":{"line":49,"column":37},"end":{"line":49,"column":85}}]},"18":{"type":"branch","line":49,"loc":{"start":{"line":49,"column":87},"end":{"line":51,"column":9}},"locations":[{"start":{"line":49,"column":87},"end":{"line":51,"column":9}}]},"19":{"type":"branch","line":52,"loc":{"start":{"line":52,"column":-1},"end":{"line":53,"column":41}},"locations":[{"start":{"line":52,"column":-1},"end":{"line":53,"column":41}}]},"20":{"type":"branch","line":53,"loc":{"start":{"line":53,"column":37},"end":{"line":53,"column":78}},"locations":[{"start":{"line":53,"column":37},"end":{"line":53,"column":78}}]},"21":{"type":"branch","line":53,"loc":{"start":{"line":53,"column":80},"end":{"line":55,"column":9}},"locations":[{"start":{"line":53,"column":80},"end":{"line":55,"column":9}}]}},"b":{"0":[17],"1":[3],"2":[3],"3":[6],"4":[2],"5":[3],"6":[1],"7":[2],"8":[1],"9":[1],"10":[17],"11":[22],"12":[52],"13":[36],"14":[3],"15":[49],"16":[33],"17":[17],"18":[2],"19":[31],"20":[16],"21":[2]},"fnMap":{"0":{"name":"get","decl":{"start":{"line":4,"column":13},"end":{"line":4,"column":20}},"loc":{"start":{"line":4,"column":13},"end":{"line":4,"column":20}},"line":4},"1":{"name":"get id","decl":{"start":{"line":26,"column":2},"end":{"line":28,"column":3}},"loc":{"start":{"line":26,"column":2},"end":{"line":28,"column":3}},"line":26},"2":{"name":"get name","decl":{"start":{"line":30,"column":2},"end":{"line":32,"column":3}},"loc":{"start":{"line":30,"column":2},"end":{"line":32,"column":3}},"line":30},"3":{"name":"get price","decl":{"start":{"line":34,"column":2},"end":{"line":36,"column":3}},"loc":{"start":{"line":34,"column":2},"end":{"line":36,"column":3}},"line":34},"4":{"name":"updatePrice","decl":{"start":{"line":60,"column":2},"end":{"line":66,"column":3}},"loc":{"start":{"line":60,"column":2},"end":{"line":66,"column":3}},"line":60},"5":{"name":"updateName","decl":{"start":{"line":68,"column":2},"end":{"line":78,"column":3}},"loc":{"start":{"line":68,"column":2},"end":{"line":78,"column":3}},"line":68},"6":{"name":"toString","decl":{"start":{"line":80,"column":2},"end":{"line":82,"column":3}},"loc":{"start":{"line":80,"column":2},"end":{"line":82,"column":3}},"line":80},"7":{"name":"isEqual","decl":{"start":{"line":84,"column":2},"end":{"line":86,"column":3}},"loc":{"start":{"line":84,"column":2},"end":{"line":86,"column":3}},"line":84},"8":{"name":"Product","decl":{"start":{"line":11,"column":2},"end":{"line":24,"column":3}},"loc":{"start":{"line":11,"column":2},"end":{"line":24,"column":3}},"line":11},"9":{"name":"validation","decl":{"start":{"line":38,"column":2},"end":{"line":58,"column":3}},"loc":{"start":{"line":38,"column":2},"end":{"line":58,"column":3}},"line":38}},"f":{"0":17,"1":3,"2":3,"3":6,"4":2,"5":3,"6":1,"7":2,"8":17,"9":22}}
}
