TN:
SF:src/domain/entities/address.ts
FN:1,get
FN:16,get street
FN:20,get streetNumber
FN:24,get city
FN:28,get zipCode
FN:32,validate
FN:39,toString
FN:43,isEqual
FN:7,Address
FNF:9
FNH:3
FNDA:9,get
FNDA:0,get street
FNDA:0,get streetNumber
FNDA:0,get city
FNDA:0,get zipCode
FNDA:4,validate
FNDA:0,toString
FNDA:0,isEqual
FNDA:4,Address
DA:1,1
DA:2,1
DA:3,1
DA:4,1
DA:5,1
DA:6,1
DA:7,1
DA:8,4
DA:9,4
DA:10,4
DA:11,4
DA:12,4
DA:13,4
DA:14,4
DA:15,1
DA:16,1
DA:17,0
DA:18,0
DA:19,1
DA:20,1
DA:21,0
DA:22,0
DA:23,1
DA:24,1
DA:25,0
DA:26,0
DA:27,1
DA:28,1
DA:29,0
DA:30,0
DA:31,1
DA:32,1
DA:33,4
DA:34,4
DA:35,4
DA:36,4
DA:37,4
DA:38,1
DA:39,1
DA:40,0
DA:41,0
DA:42,1
DA:43,1
DA:44,0
DA:45,0
DA:46,1
LF:46
LH:34
BRDA:1,0,0,9
BRDA:32,1,0,4
BRDA:33,2,0,0
BRDA:34,3,0,0
BRDA:35,4,0,0
BRDA:36,5,0,0
BRDA:7,6,0,4
BRF:7
BRH:3
end_of_record
TN:
SF:src/domain/entities/customer.ts
FN:5,get
FN:26,get id
FN:30,get name
FN:34,get address
FN:38,get isActive
FN:60,changeName
FN:67,changeAddress
FN:74,toString
FN:78,isEqual
FN:14,Customer
FN:42,validate
FNF:11
FNH:5
FNDA:7,get
FNDA:0,get id
FNDA:2,get name
FNDA:0,get address
FNDA:0,get isActive
FNDA:2,changeName
FNDA:0,changeAddress
FNDA:0,toString
FNDA:0,isEqual
FNDA:7,Customer
FNDA:9,validate
DA:1,1
DA:2,1
DA:3,1
DA:4,1
DA:5,1
DA:6,1
DA:7,1
DA:8,1
DA:9,1
DA:10,1
DA:11,1
DA:12,1
DA:13,1
DA:14,1
DA:15,7
DA:16,7
DA:17,7
DA:18,7
DA:19,7
DA:20,7
DA:21,7
DA:22,7
DA:23,7
DA:24,7
DA:25,1
DA:26,1
DA:27,0
DA:28,0
DA:29,1
DA:30,1
DA:31,2
DA:32,2
DA:33,1
DA:34,1
DA:35,0
DA:36,0
DA:37,1
DA:38,1
DA:39,0
DA:40,0
DA:41,1
DA:42,1
DA:43,9
DA:44,20
DA:45,20
DA:46,20
DA:47,3
DA:48,3
DA:49,20
DA:50,20
DA:51,17
DA:52,20
DA:53,0
DA:54,0
DA:55,0
DA:56,0
DA:57,9
DA:58,9
DA:59,1
DA:60,1
DA:61,2
DA:62,2
DA:63,2
DA:64,2
DA:65,2
DA:66,1
DA:67,1
DA:68,0
DA:69,0
DA:70,0
DA:71,0
DA:72,0
DA:73,1
DA:74,1
DA:75,0
DA:76,0
DA:77,1
DA:78,1
DA:79,0
DA:80,0
DA:81,1
LF:81
LH:62
BRDA:5,0,0,7
BRDA:30,1,0,2
BRDA:60,2,0,2
BRDA:14,3,0,7
BRDA:42,4,0,9
BRDA:43,5,0,20
BRDA:45,6,0,5
BRDA:46,7,0,3
BRDA:51,8,0,17
BRDA:52,9,0,6
BRDA:52,10,0,0
BRF:11
BRH:10
end_of_record
TN:
SF:src/domain/entities/order_item.ts
FN:4,get
FN:26,get id
FN:30,get name
FN:34,get price
FN:38,get quantity
FN:42,get productId
FN:68,toString
FN:72,isEqual
FN:11,OrderItem
FN:46,validation
FNF:10
FNH:3
FNDA:6,get
FNDA:0,get id
FNDA:0,get name
FNDA:0,get price
FNDA:0,get quantity
FNDA:0,get productId
FNDA:0,toString
FNDA:0,isEqual
FNDA:6,OrderItem
FNDA:6,validation
DA:1,1
DA:2,1
DA:3,1
DA:4,1
DA:5,1
DA:6,1
DA:7,1
DA:8,1
DA:9,1
DA:10,1
DA:11,1
DA:12,6
DA:13,6
DA:14,6
DA:15,6
DA:16,6
DA:17,6
DA:18,6
DA:19,6
DA:20,6
DA:21,6
DA:22,6
DA:23,6
DA:24,6
DA:25,1
DA:26,1
DA:27,0
DA:28,0
DA:29,1
DA:30,1
DA:31,0
DA:32,0
DA:33,1
DA:34,1
DA:35,0
DA:36,0
DA:37,1
DA:38,1
DA:39,0
DA:40,0
DA:41,1
DA:42,1
DA:43,0
DA:44,0
DA:45,1
DA:46,1
DA:47,6
DA:48,21
DA:49,14
DA:50,11
DA:51,2
DA:52,2
DA:53,11
DA:54,14
DA:55,19
DA:56,21
DA:57,11
DA:58,0
DA:59,0
DA:60,11
DA:61,11
DA:62,1
DA:63,1
DA:64,11
DA:65,21
DA:66,6
DA:67,1
DA:68,1
DA:69,0
DA:70,0
DA:71,1
DA:72,1
DA:73,0
DA:74,0
DA:75,1
LF:75
LH:59
BRDA:4,0,0,6
BRDA:11,1,0,6
BRDA:46,2,0,6
BRDA:47,3,0,21
BRDA:48,4,0,14
BRDA:49,5,0,11
BRDA:50,6,0,2
BRDA:55,7,0,19
BRDA:56,8,0,11
BRDA:57,9,0,4
BRDA:57,10,0,0
BRDA:61,11,0,7
BRDA:61,12,0,1
BRF:13
BRH:12
end_of_record
TN:
SF:src/domain/entities/product.ts
FN:4,get
FN:26,get id
FN:30,get name
FN:34,get price
FN:60,updatePrice
FN:68,updateName
FN:80,toString
FN:84,isEqual
FN:11,Product
FN:38,validation
FNF:10
FNH:10
FNDA:17,get
FNDA:3,get id
FNDA:3,get name
FNDA:6,get price
FNDA:2,updatePrice
FNDA:3,updateName
FNDA:1,toString
FNDA:2,isEqual
FNDA:17,Product
FNDA:22,validation
DA:1,1
DA:2,1
DA:3,1
DA:4,1
DA:5,1
DA:6,1
DA:7,1
DA:8,1
DA:9,1
DA:10,1
DA:11,1
DA:12,17
DA:13,17
DA:14,17
DA:15,17
DA:16,17
DA:17,17
DA:18,17
DA:19,17
DA:20,17
DA:21,17
DA:22,17
DA:23,17
DA:24,17
DA:25,1
DA:26,1
DA:27,3
DA:28,3
DA:29,1
DA:30,1
DA:31,3
DA:32,3
DA:33,1
DA:34,1
DA:35,6
DA:36,6
DA:37,1
DA:38,1
DA:39,22
DA:40,52
DA:41,36
DA:42,36
DA:43,3
DA:44,3
DA:45,36
DA:46,36
DA:47,49
DA:48,52
DA:49,33
DA:50,2
DA:51,2
DA:52,31
DA:53,33
DA:54,2
DA:55,2
DA:56,33
DA:57,22
DA:58,22
DA:59,1
DA:60,1
DA:61,2
DA:62,2
DA:63,2
DA:64,2
DA:65,2
DA:66,2
DA:67,1
DA:68,1
DA:69,3
DA:70,3
DA:71,3
DA:72,3
DA:73,3
DA:74,3
DA:75,3
DA:76,3
DA:77,3
DA:78,3
DA:79,1
DA:80,1
DA:81,1
DA:82,1
DA:83,1
DA:84,1
DA:85,2
DA:86,2
DA:87,1
LF:87
LH:87
BRDA:4,0,0,17
BRDA:26,1,0,3
BRDA:30,2,0,3
BRDA:34,3,0,6
BRDA:60,4,0,2
BRDA:68,5,0,3
BRDA:80,6,0,1
BRDA:84,7,0,2
BRDA:85,8,0,1
BRDA:85,9,0,1
BRDA:11,10,0,17
BRDA:38,11,0,22
BRDA:39,12,0,52
BRDA:40,13,0,36
BRDA:42,14,0,3
BRDA:47,15,0,49
BRDA:48,16,0,33
BRDA:49,17,0,17
BRDA:49,18,0,2
BRDA:52,19,0,31
BRDA:53,20,0,16
BRDA:53,21,0,2
BRF:22
BRH:22
end_of_record
